Start testing: Jan 31 00:09 MSK
----------------------------------------------------------
1/1 Testing: test_tsp
1/1 Test: test_tsp
Command: "/Users/namigdamirov/Documents/HSE/CoverageProblem/or-tools/examples/tsp/build/bin/tsp"
Directory: /Users/namigdamirov/Documents/HSE/CoverageProblem/or-tools/examples/tsp/build
"test_tsp" start time: Jan 31 00:09 MSK
Output:
----------------------------------------------------------
WARNING: Logging before InitGoogleLogging() is written to STDERR
I0131 00:09:08.017841     1 tsp.cc:74] Objective: 4384
I0131 00:09:08.018370     1 tsp.cc:77] Route for Vehicle 0:
I0131 00:09:08.018392     1 tsp.cc:86] 0 -> 9 -> 5 -> 8 -> 6 -> 2 -> 10 -> 16 -> 14 -> 13 -> 12 -> 11 -> 15 -> 3 -> 4 -> 1 -> 7 -> 0
I0131 00:09:08.018396     1 tsp.cc:87] Distance of the route: 4384m
I0131 00:09:08.018400     1 tsp.cc:88] 
I0131 00:09:08.018403     1 tsp.cc:89] Advanced usage:
I0131 00:09:08.018406     1 tsp.cc:90] Problem solved in 3ms
<end of output>
Test time =   0.01 sec
----------------------------------------------------------
Test Passed.
"test_tsp" end time: Jan 31 00:09 MSK
"test_tsp" time elapsed: 00:00:00
----------------------------------------------------------

End testing: Jan 31 00:09 MSK
