Start testing: Jan 31 00:09 MSK
----------------------------------------------------------
1/1 Testing: test_simple_min_cost_flow_program
1/1 Test: test_simple_min_cost_flow_program
Command: "/Users/namigdamirov/Documents/HSE/CoverageProblem/or-tools/examples/simple_min_cost_flow_program/build/bin/simple_min_cost_flow_program"
Directory: /Users/namigdamirov/Documents/HSE/CoverageProblem/or-tools/examples/simple_min_cost_flow_program/build
"test_simple_min_cost_flow_program" start time: Jan 31 00:09 MSK
Output:
----------------------------------------------------------
WARNING: Logging before InitGoogleLogging() is written to STDERR
I0131 00:09:06.327249     1 simple_min_cost_flow_program.cc:65] Minimum cost flow: 150
I0131 00:09:06.327725     1 simple_min_cost_flow_program.cc:66] 
I0131 00:09:06.327733     1 simple_min_cost_flow_program.cc:67]  Arc   Flow / Capacity  Cost
I0131 00:09:06.327740     1 simple_min_cost_flow_program.cc:70] 0 -> 1  12  / 15       48
I0131 00:09:06.327747     1 simple_min_cost_flow_program.cc:70] 0 -> 2  8  / 8       32
I0131 00:09:06.327751     1 simple_min_cost_flow_program.cc:70] 1 -> 2  8  / 20       16
I0131 00:09:06.327756     1 simple_min_cost_flow_program.cc:70] 1 -> 3  4  / 4       8
I0131 00:09:06.327760     1 simple_min_cost_flow_program.cc:70] 1 -> 4  0  / 10       0
I0131 00:09:06.327764     1 simple_min_cost_flow_program.cc:70] 2 -> 3  12  / 15       12
I0131 00:09:06.327767     1 simple_min_cost_flow_program.cc:70] 2 -> 4  4  / 4       12
I0131 00:09:06.327771     1 simple_min_cost_flow_program.cc:70] 3 -> 4  11  / 20       22
I0131 00:09:06.327775     1 simple_min_cost_flow_program.cc:70] 4 -> 2  0  / 5       0
<end of output>
Test time =   0.01 sec
----------------------------------------------------------
Test Passed.
"test_simple_min_cost_flow_program" end time: Jan 31 00:09 MSK
"test_simple_min_cost_flow_program" time elapsed: 00:00:00
----------------------------------------------------------

End testing: Jan 31 00:09 MSK
