Start testing: Jan 24 16:41 MSK
----------------------------------------------------------
1/1 Testing: test_simple_min_cost_flow_program
1/1 Test: test_simple_min_cost_flow_program
Command: "/Users/namigdamirov/Documents/HSE/CoverageProblem/or-tools/examples/simple_min_cost_flow_program/build/bin/simple_min_cost_flow_program"
Directory: /Users/namigdamirov/Documents/HSE/CoverageProblem/or-tools/examples/simple_min_cost_flow_program/build
"test_simple_min_cost_flow_program" start time: Jan 24 16:41 MSK
Output:
----------------------------------------------------------
WARNING: Logging before InitGoogleLogging() is written to STDERR
I0124 16:41:53.561489     1 simple_min_cost_flow_program.cc:65] Minimum cost flow: 150
I0124 16:41:53.561974     1 simple_min_cost_flow_program.cc:66] 
I0124 16:41:53.561982     1 simple_min_cost_flow_program.cc:67]  Arc   Flow / Capacity  Cost
I0124 16:41:53.561989     1 simple_min_cost_flow_program.cc:70] 0 -> 1  12  / 15       48
I0124 16:41:53.561996     1 simple_min_cost_flow_program.cc:70] 0 -> 2  8  / 8       32
I0124 16:41:53.562000     1 simple_min_cost_flow_program.cc:70] 1 -> 2  8  / 20       16
I0124 16:41:53.562004     1 simple_min_cost_flow_program.cc:70] 1 -> 3  4  / 4       8
I0124 16:41:53.562008     1 simple_min_cost_flow_program.cc:70] 1 -> 4  0  / 10       0
I0124 16:41:53.562012     1 simple_min_cost_flow_program.cc:70] 2 -> 3  12  / 15       12
I0124 16:41:53.562015     1 simple_min_cost_flow_program.cc:70] 2 -> 4  4  / 4       12
I0124 16:41:53.562019     1 simple_min_cost_flow_program.cc:70] 3 -> 4  11  / 20       22
I0124 16:41:53.562023     1 simple_min_cost_flow_program.cc:70] 4 -> 2  0  / 5       0
<end of output>
Test time =   0.01 sec
----------------------------------------------------------
Test Passed.
"test_simple_min_cost_flow_program" end time: Jan 24 16:41 MSK
"test_simple_min_cost_flow_program" time elapsed: 00:00:00
----------------------------------------------------------

End testing: Jan 24 16:41 MSK
