Start testing: Jan 31 00:09 MSK
----------------------------------------------------------
1/1 Testing: test_nurses_sat
1/1 Test: test_nurses_sat
Command: "/Users/namigdamirov/Documents/HSE/CoverageProblem/or-tools/examples/nurses_sat/build/bin/nurses_sat"
Directory: /Users/namigdamirov/Documents/HSE/CoverageProblem/or-tools/examples/nurses_sat/build
"test_nurses_sat" start time: Jan 31 00:09 MSK
Output:
----------------------------------------------------------
WARNING: Logging before InitGoogleLogging() is written to STDERR
I0131 00:09:09.589904     1 nurses_sat.cc:148] Solution 0
I0131 00:09:09.590380     1 nurses_sat.cc:150] Day 0
I0131 00:09:09.590397     1 nurses_sat.cc:162]   Nurse 0 does not work
I0131 00:09:09.590401     1 nurses_sat.cc:157]   Nurse 1 works shift 0
I0131 00:09:09.590405     1 nurses_sat.cc:157]   Nurse 2 works shift 1
I0131 00:09:09.590409     1 nurses_sat.cc:157]   Nurse 3 works shift 2
I0131 00:09:09.590412     1 nurses_sat.cc:150] Day 1
I0131 00:09:09.590417     1 nurses_sat.cc:157]   Nurse 0 works shift 2
I0131 00:09:09.590421     1 nurses_sat.cc:162]   Nurse 1 does not work
I0131 00:09:09.590425     1 nurses_sat.cc:157]   Nurse 2 works shift 1
I0131 00:09:09.590428     1 nurses_sat.cc:157]   Nurse 3 works shift 0
I0131 00:09:09.590432     1 nurses_sat.cc:150] Day 2
I0131 00:09:09.590435     1 nurses_sat.cc:157]   Nurse 0 works shift 2
I0131 00:09:09.590439     1 nurses_sat.cc:157]   Nurse 1 works shift 1
I0131 00:09:09.590442     1 nurses_sat.cc:157]   Nurse 2 works shift 0
I0131 00:09:09.590447     1 nurses_sat.cc:162]   Nurse 3 does not work
I0131 00:09:09.590480     1 nurses_sat.cc:148] Solution 1
I0131 00:09:09.590485     1 nurses_sat.cc:150] Day 0
I0131 00:09:09.590489     1 nurses_sat.cc:157]   Nurse 0 works shift 0
I0131 00:09:09.590493     1 nurses_sat.cc:162]   Nurse 1 does not work
I0131 00:09:09.590496     1 nurses_sat.cc:157]   Nurse 2 works shift 1
I0131 00:09:09.590500     1 nurses_sat.cc:157]   Nurse 3 works shift 2
I0131 00:09:09.590503     1 nurses_sat.cc:150] Day 1
I0131 00:09:09.590507     1 nurses_sat.cc:162]   Nurse 0 does not work
I0131 00:09:09.590511     1 nurses_sat.cc:157]   Nurse 1 works shift 2
I0131 00:09:09.590514     1 nurses_sat.cc:157]   Nurse 2 works shift 1
I0131 00:09:09.590518     1 nurses_sat.cc:157]   Nurse 3 works shift 0
I0131 00:09:09.590521     1 nurses_sat.cc:150] Day 2
I0131 00:09:09.590525     1 nurses_sat.cc:157]   Nurse 0 works shift 2
I0131 00:09:09.590530     1 nurses_sat.cc:157]   Nurse 1 works shift 1
I0131 00:09:09.590534     1 nurses_sat.cc:157]   Nurse 2 works shift 0
I0131 00:09:09.590538     1 nurses_sat.cc:162]   Nurse 3 does not work
I0131 00:09:09.590565     1 nurses_sat.cc:148] Solution 2
I0131 00:09:09.590570     1 nurses_sat.cc:150] Day 0
I0131 00:09:09.590573     1 nurses_sat.cc:157]   Nurse 0 works shift 0
I0131 00:09:09.590577     1 nurses_sat.cc:162]   Nurse 1 does not work
I0131 00:09:09.590581     1 nurses_sat.cc:157]   Nurse 2 works shift 1
I0131 00:09:09.590584     1 nurses_sat.cc:157]   Nurse 3 works shift 2
I0131 00:09:09.590587     1 nurses_sat.cc:150] Day 1
I0131 00:09:09.590591     1 nurses_sat.cc:157]   Nurse 0 works shift 1
I0131 00:09:09.590595     1 nurses_sat.cc:157]   Nurse 1 works shift 2
I0131 00:09:09.590598     1 nurses_sat.cc:162]   Nurse 2 does not work
I0131 00:09:09.590601     1 nurses_sat.cc:157]   Nurse 3 works shift 0
I0131 00:09:09.590605     1 nurses_sat.cc:150] Day 2
I0131 00:09:09.590608     1 nurses_sat.cc:157]   Nurse 0 works shift 2
I0131 00:09:09.590612     1 nurses_sat.cc:157]   Nurse 1 works shift 1
I0131 00:09:09.590621     1 nurses_sat.cc:157]   Nurse 2 works shift 0
I0131 00:09:09.590626     1 nurses_sat.cc:162]   Nurse 3 does not work
I0131 00:09:09.590649     1 nurses_sat.cc:148] Solution 3
I0131 00:09:09.590654     1 nurses_sat.cc:150] Day 0
I0131 00:09:09.590657     1 nurses_sat.cc:157]   Nurse 0 works shift 0
I0131 00:09:09.590662     1 nurses_sat.cc:162]   Nurse 1 does not work
I0131 00:09:09.590665     1 nurses_sat.cc:157]   Nurse 2 works shift 1
I0131 00:09:09.590669     1 nurses_sat.cc:157]   Nurse 3 works shift 2
I0131 00:09:09.590673     1 nurses_sat.cc:150] Day 1
I0131 00:09:09.590676     1 nurses_sat.cc:157]   Nurse 0 works shift 2
I0131 00:09:09.590681     1 nurses_sat.cc:157]   Nurse 1 works shift 1
I0131 00:09:09.590685     1 nurses_sat.cc:162]   Nurse 2 does not work
I0131 00:09:09.590688     1 nurses_sat.cc:157]   Nurse 3 works shift 0
I0131 00:09:09.590693     1 nurses_sat.cc:150] Day 2
I0131 00:09:09.590697     1 nurses_sat.cc:157]   Nurse 0 works shift 2
I0131 00:09:09.590700     1 nurses_sat.cc:157]   Nurse 1 works shift 1
I0131 00:09:09.590704     1 nurses_sat.cc:157]   Nurse 2 works shift 0
I0131 00:09:09.590709     1 nurses_sat.cc:162]   Nurse 3 does not work
I0131 00:09:09.590731     1 nurses_sat.cc:148] Solution 4
I0131 00:09:09.590735     1 nurses_sat.cc:150] Day 0
I0131 00:09:09.590739     1 nurses_sat.cc:162]   Nurse 0 does not work
I0131 00:09:09.590742     1 nurses_sat.cc:157]   Nurse 1 works shift 0
I0131 00:09:09.590746     1 nurses_sat.cc:157]   Nurse 2 works shift 1
I0131 00:09:09.590751     1 nurses_sat.cc:157]   Nurse 3 works shift 2
I0131 00:09:09.590754     1 nurses_sat.cc:150] Day 1
I0131 00:09:09.590757     1 nurses_sat.cc:157]   Nurse 0 works shift 2
I0131 00:09:09.590761     1 nurses_sat.cc:157]   Nurse 1 works shift 1
I0131 00:09:09.590765     1 nurses_sat.cc:162]   Nurse 2 does not work
I0131 00:09:09.590768     1 nurses_sat.cc:157]   Nurse 3 works shift 0
I0131 00:09:09.590771     1 nurses_sat.cc:150] Day 2
I0131 00:09:09.590775     1 nurses_sat.cc:157]   Nurse 0 works shift 2
I0131 00:09:09.590778     1 nurses_sat.cc:157]   Nurse 1 works shift 1
I0131 00:09:09.590782     1 nurses_sat.cc:157]   Nurse 2 works shift 0
I0131 00:09:09.590786     1 nurses_sat.cc:162]   Nurse 3 does not work
I0131 00:09:09.590789     1 nurses_sat.cc:169] Stop search after 5 solutions.
I0131 00:09:09.590890     1 nurses_sat.cc:180] Statistics
I0131 00:09:09.590897     1 nurses_sat.cc:181] CpSolverResponse summary:
status: FEASIBLE
objective: 0
best_bound: 0
booleans: 36
conflicts: 5
branches: 142
propagations: 328
integer_propagations: 443
restarts: 77
lp_iterations: 0
walltime: 0.003386
usertime: 0.003387
deterministic_time: 0.00011241
gap_integral: 0
solution_fingerprint: 0x1d293e0fcff90608
I0131 00:09:09.591254     1 nurses_sat.cc:182] solutions found : 5
<end of output>
Test time =   0.01 sec
----------------------------------------------------------
Test Passed.
"test_nurses_sat" end time: Jan 31 00:09 MSK
"test_nurses_sat" time elapsed: 00:00:00
----------------------------------------------------------

End testing: Jan 31 00:09 MSK
