Start testing: Jan 31 00:09 MSK
----------------------------------------------------------
1/1 Testing: test_minimal_jobshop_cp
1/1 Test: test_minimal_jobshop_cp
Command: "/Users/namigdamirov/Documents/HSE/CoverageProblem/or-tools/examples/minimal_jobshop_cp/build/bin/minimal_jobshop_cp"
Directory: /Users/namigdamirov/Documents/HSE/CoverageProblem/or-tools/examples/minimal_jobshop_cp/build
"test_minimal_jobshop_cp" start time: Jan 31 00:09 MSK
Output:
----------------------------------------------------------
I0131 00:09:09.926401     1 minimal_jobshop_cp.cc:41] Machines:  0 1 2
I0131 00:09:09.926863     1 minimal_jobshop_cp.cc:51] Jobs:
I0131 00:09:09.926876     1 minimal_jobshop_cp.cc:59] Job 0: [(0, 3)(1, 2)(2, 2)]
I0131 00:09:09.926882     1 minimal_jobshop_cp.cc:59] Job 1: [(0, 2)(2, 1)(1, 4)]
I0131 00:09:09.926887     1 minimal_jobshop_cp.cc:59] Job 2: [(1, 4)(2, 3)]
I0131 00:09:09.926890     1 minimal_jobshop_cp.cc:69] Horizon: 21
I0131 00:09:09.927155     1 search.cc:265] Start search (memory used = 4.75 MB)
I0131 00:09:09.927282     1 search.cc:265] Root node processed (time = 0 ms, constraints = 39, memory used = 4.93 MB)
I0131 00:09:09.927396     1 search.cc:265] Solution #0 (objective value = 14, time = 0 ms, branches = 6, failures = 0, depth = 6, memory used = 4.96 MB)
I0131 00:09:09.927483     1 search.cc:265] Solution #1 (objective value = 12, objective maximum = 14, time = 0 ms, branches = 8, failures = 4, depth = 4, memory used = 4.98 MB)
I0131 00:09:09.927542     1 search.cc:265] Solution #2 (objective value = 11, objective maximum = 14, time = 0 ms, branches = 10, failures = 6, depth = 3, memory used = 4.98 MB)
I0131 00:09:09.927577     1 search.cc:265] Finished search tree (time = 0 ms, branches = 10, failures = 9, memory used = 4.98 MB)
I0131 00:09:09.927605     1 search.cc:265] End search (time = 1 ms, branches = 10, failures = 9, memory used = 4.98 MB, speed = 10000 branches/s)
I0131 00:09:09.927610     1 minimal_jobshop_cp.cc:159] Optimal Schedule Length: 11
I0131 00:09:09.927621     1 minimal_jobshop_cp.cc:160] 
I0131 00:09:09.927624     1 minimal_jobshop_cp.cc:162] Optimal Schedule:
I0131 00:09:09.927630     1 minimal_jobshop_cp.cc:171] Machine 0: Job_0_0 Job_1_0 
I0131 00:09:09.927643     1 minimal_jobshop_cp.cc:171] Machine 1: Job_2_0 Job_0_1 Job_1_2 
I0131 00:09:09.927652     1 minimal_jobshop_cp.cc:171] Machine 2: Job_1_1 Job_0_2 Job_2_1 
I0131 00:09:09.927660     1 minimal_jobshop_cp.cc:189] Time Intervals for Tasks: 
I0131 00:09:09.927665     1 minimal_jobshop_cp.cc:191] Machine 0: [( 0, 0),( 3, 3)][( 3, 3),( 5, 5)]
I0131 00:09:09.927668     1 minimal_jobshop_cp.cc:191] Machine 1: [( 0, 0),( 4, 4)][( 4, 4),( 6, 6)][( 6, 7),(10, 11)]
I0131 00:09:09.927670     1 minimal_jobshop_cp.cc:191] Machine 2: [( 5, 5),( 6, 6)][( 6, 6),( 8, 8)][( 8, 8),(11, 11)]
I0131 00:09:09.927674     1 minimal_jobshop_cp.cc:193] Advanced usage:
I0131 00:09:09.927677     1 minimal_jobshop_cp.cc:194] Time: 1ms
<end of output>
Test time =   0.01 sec
----------------------------------------------------------
Test Passed.
"test_minimal_jobshop_cp" end time: Jan 31 00:09 MSK
"test_minimal_jobshop_cp" time elapsed: 00:00:00
----------------------------------------------------------

End testing: Jan 31 00:09 MSK
