Start testing: Jan 31 00:09 MSK
----------------------------------------------------------
1/1 Testing: test_vrp
1/1 Test: test_vrp
Command: "/Users/namigdamirov/Documents/HSE/CoverageProblem/or-tools/examples/vrp/build/bin/vrp"
Directory: /Users/namigdamirov/Documents/HSE/CoverageProblem/or-tools/examples/vrp/build
"test_vrp" start time: Jan 31 00:09 MSK
Output:
----------------------------------------------------------
WARNING: Logging before InitGoogleLogging() is written to STDERR
I0131 00:09:08.358245     1 vrp.cc:78] Objective: 4384
I0131 00:09:08.358782     1 vrp.cc:82] Route for Vehicle 0:
I0131 00:09:08.358799     1 vrp.cc:92] 0 -> 0
I0131 00:09:08.358804     1 vrp.cc:93] Distance of the route: 0m
I0131 00:09:08.358810     1 vrp.cc:82] Route for Vehicle 1:
I0131 00:09:08.358813     1 vrp.cc:92] 0 -> 0
I0131 00:09:08.358817     1 vrp.cc:93] Distance of the route: 0m
I0131 00:09:08.358820     1 vrp.cc:82] Route for Vehicle 2:
I0131 00:09:08.358824     1 vrp.cc:92] 0 -> 0
I0131 00:09:08.358827     1 vrp.cc:93] Distance of the route: 0m
I0131 00:09:08.358830     1 vrp.cc:82] Route for Vehicle 3:
I0131 00:09:08.358838     1 vrp.cc:92] 0 -> 9 -> 5 -> 8 -> 6 -> 2 -> 10 -> 16 -> 14 -> 13 -> 12 -> 11 -> 15 -> 3 -> 4 -> 1 -> 7 -> 0
I0131 00:09:08.358842     1 vrp.cc:93] Distance of the route: 4384m
I0131 00:09:08.358845     1 vrp.cc:96] Total distance of all routes: 4384m
I0131 00:09:08.358848     1 vrp.cc:97] 
I0131 00:09:08.358851     1 vrp.cc:98] Advanced usage:
I0131 00:09:08.358854     1 vrp.cc:99] Problem solved in 4ms
<end of output>
Test time =   0.01 sec
----------------------------------------------------------
Test Passed.
"test_vrp" end time: Jan 31 00:09 MSK
"test_vrp" time elapsed: 00:00:00
----------------------------------------------------------

End testing: Jan 31 00:09 MSK
