Start testing: Jan 24 16:41 MSK
----------------------------------------------------------
1/1 Testing: test_vrp
1/1 Test: test_vrp
Command: "/Users/namigdamirov/Documents/HSE/CoverageProblem/or-tools/examples/vrp/build/bin/vrp"
Directory: /Users/namigdamirov/Documents/HSE/CoverageProblem/or-tools/examples/vrp/build
"test_vrp" start time: Jan 24 16:41 MSK
Output:
----------------------------------------------------------
WARNING: Logging before InitGoogleLogging() is written to STDERR
I0124 16:41:55.603727     1 vrp.cc:78] Objective: 4384
I0124 16:41:55.604215     1 vrp.cc:82] Route for Vehicle 0:
I0124 16:41:55.604232     1 vrp.cc:92] 0 -> 0
I0124 16:41:55.604236     1 vrp.cc:93] Distance of the route: 0m
I0124 16:41:55.604242     1 vrp.cc:82] Route for Vehicle 1:
I0124 16:41:55.604246     1 vrp.cc:92] 0 -> 0
I0124 16:41:55.604249     1 vrp.cc:93] Distance of the route: 0m
I0124 16:41:55.604252     1 vrp.cc:82] Route for Vehicle 2:
I0124 16:41:55.604256     1 vrp.cc:92] 0 -> 0
I0124 16:41:55.604259     1 vrp.cc:93] Distance of the route: 0m
I0124 16:41:55.604262     1 vrp.cc:82] Route for Vehicle 3:
I0124 16:41:55.604270     1 vrp.cc:92] 0 -> 9 -> 5 -> 8 -> 6 -> 2 -> 10 -> 16 -> 14 -> 13 -> 12 -> 11 -> 15 -> 3 -> 4 -> 1 -> 7 -> 0
I0124 16:41:55.604274     1 vrp.cc:93] Distance of the route: 4384m
I0124 16:41:55.604277     1 vrp.cc:96] Total distance of all routes: 4384m
I0124 16:41:55.604280     1 vrp.cc:97] 
I0124 16:41:55.604283     1 vrp.cc:98] Advanced usage:
I0124 16:41:55.604286     1 vrp.cc:99] Problem solved in 4ms
<end of output>
Test time =   0.01 sec
----------------------------------------------------------
Test Passed.
"test_vrp" end time: Jan 24 16:41 MSK
"test_vrp" time elapsed: 00:00:00
----------------------------------------------------------

End testing: Jan 24 16:41 MSK
