Start testing: Jan 24 16:41 MSK
----------------------------------------------------------
1/1 Testing: test_simple_ls_program
1/1 Test: test_simple_ls_program
Command: "/Users/namigdamirov/Documents/HSE/CoverageProblem/or-tools/examples/simple_ls_program/build/bin/simple_ls_program"
Directory: /Users/namigdamirov/Documents/HSE/CoverageProblem/or-tools/examples/simple_ls_program/build
"test_simple_ls_program" start time: Jan 24 16:41 MSK
Output:
----------------------------------------------------------
I0124 16:41:54.919650     1 simple_ls_program.cc:162] Large Neighborhood Search
I0124 16:41:54.920287     1 search.cc:265] Start search (memory used = 4.73 MB)
I0124 16:41:54.920325     1 search.cc:265] Root node processed (time = 0 ms, constraints = 1, memory used = 4.79 MB)
I0124 16:41:54.920379     1 search.cc:265] Solution #0 (objective value = 16, time = 0 ms, branches = 37, failures = 0, depth = 33, memory used = 4.85 MB)
I0124 16:41:54.920453     1 search.cc:265] Solution #1 (objective value = 15, objective maximum = 16, time = 0 ms, branches = 41, failures = 2, depth = 33, BaseObject, neighbors = 1, filtered neighbors = 1, accepted neighbors = 1, memory used = 4.89 MB)
I0124 16:41:54.920491     1 search.cc:265] Solution #2 (objective value = 14, objective maximum = 16, time = 0 ms, branches = 46, failures = 4, depth = 33, BaseObject, neighbors = 2, filtered neighbors = 2, accepted neighbors = 2, memory used = 4.89 MB)
I0124 16:41:54.920524     1 search.cc:265] Solution #3 (objective value = 13, objective maximum = 16, time = 0 ms, branches = 50, failures = 6, depth = 33, BaseObject, neighbors = 3, filtered neighbors = 3, accepted neighbors = 3, memory used = 4.89 MB)
I0124 16:41:54.920555     1 search.cc:265] Solution #4 (objective value = 12, objective maximum = 16, time = 0 ms, branches = 55, failures = 8, depth = 33, BaseObject, neighbors = 4, filtered neighbors = 4, accepted neighbors = 4, memory used = 4.89 MB)
I0124 16:41:54.920593     1 search.cc:265] Solution #5 (objective value = 11, objective maximum = 16, time = 0 ms, branches = 59, failures = 11, depth = 33, BaseObject, neighbors = 6, filtered neighbors = 6, accepted neighbors = 5, memory used = 4.89 MB)
I0124 16:41:54.920631     1 search.cc:265] Solution #6 (objective value = 10, objective maximum = 16, time = 0 ms, branches = 64, failures = 14, depth = 33, BaseObject, neighbors = 8, filtered neighbors = 8, accepted neighbors = 6, memory used = 4.89 MB)
I0124 16:41:54.920669     1 search.cc:265] Solution #7 (objective value = 9, objective maximum = 16, time = 0 ms, branches = 68, failures = 17, depth = 33, BaseObject, neighbors = 10, filtered neighbors = 10, accepted neighbors = 7, memory used = 4.89 MB)
I0124 16:41:54.920706     1 search.cc:265] Solution #8 (objective value = 8, objective maximum = 16, time = 0 ms, branches = 74, failures = 20, depth = 33, BaseObject, neighbors = 12, filtered neighbors = 12, accepted neighbors = 8, memory used = 4.89 MB)
I0124 16:41:54.920752     1 search.cc:265] Solution #9 (objective value = 7, objective maximum = 16, time = 0 ms, branches = 78, failures = 24, depth = 33, BaseObject, neighbors = 15, filtered neighbors = 15, accepted neighbors = 9, memory used = 4.89 MB)
I0124 16:41:54.920797     1 search.cc:265] Solution #10 (objective value = 6, objective maximum = 16, time = 0 ms, branches = 83, failures = 28, depth = 33, BaseObject, neighbors = 18, filtered neighbors = 18, accepted neighbors = 10, memory used = 4.89 MB)
I0124 16:41:54.920842     1 search.cc:265] Solution #11 (objective value = 5, objective maximum = 16, time = 0 ms, branches = 87, failures = 32, depth = 33, BaseObject, neighbors = 21, filtered neighbors = 21, accepted neighbors = 11, memory used = 4.89 MB)
I0124 16:41:54.920887     1 search.cc:265] Solution #12 (objective value = 4, objective maximum = 16, time = 0 ms, branches = 92, failures = 36, depth = 33, BaseObject, neighbors = 24, filtered neighbors = 24, accepted neighbors = 12, memory used = 4.89 MB)
I0124 16:41:54.920938     1 search.cc:265] Solution #13 (objective value = 3, objective maximum = 16, time = 0 ms, branches = 96, failures = 41, depth = 33, BaseObject, neighbors = 28, filtered neighbors = 28, accepted neighbors = 13, memory used = 4.89 MB)
I0124 16:41:54.920991     1 search.cc:265] Solution #14 (objective value = 2, objective maximum = 16, time = 0 ms, branches = 101, failures = 46, depth = 33, BaseObject, neighbors = 32, filtered neighbors = 32, accepted neighbors = 14, memory used = 4.89 MB)
I0124 16:41:54.921042     1 search.cc:265] Solution #15 (objective value = 1, objective maximum = 16, time = 0 ms, branches = 105, failures = 51, depth = 33, BaseObject, neighbors = 36, filtered neighbors = 36, accepted neighbors = 15, memory used = 4.89 MB)
I0124 16:41:54.921094     1 search.cc:265] Solution #16 (objective value = 0, objective maximum = 16, time = 0 ms, branches = 112, failures = 56, depth = 33, BaseObject, neighbors = 40, filtered neighbors = 40, accepted neighbors = 16, memory used = 4.89 MB)
I0124 16:41:54.921161     1 search.cc:265] Finished search tree (time = 0 ms, branches = 112, failures = 89, neighbors = 40, filtered neighbors = 40, accepted neigbors = 16, memory used = 4.89 MB)
I0124 16:41:54.921170     1 search.cc:265] End search (time = 1 ms, branches = 112, failures = 89, memory used = 4.89 MB, speed = 112000 branches/s)
I0124 16:41:54.921174     1 simple_ls_program.cc:197] Objective value = 0
I0124 16:41:54.921498     1 simple_ls_program.cc:170] Local Search
I0124 16:41:54.921536     1 search.cc:265] Start search (memory used = 5.28 MB)
I0124 16:41:54.921549     1 search.cc:265] Root node processed (time = 0 ms, constraints = 1, memory used = 5.28 MB)
I0124 16:41:54.921578     1 search.cc:265] Solution #0 (objective value = 16, time = 0 ms, branches = 37, failures = 0, depth = 33, memory used = 5.29 MB)
I0124 16:41:54.921615     1 search.cc:265] Solution #1 (objective value = 15, objective maximum = 16, time = 0 ms, branches = 40, failures = 2, depth = 33, BaseObject, neighbors = 1, filtered neighbors = 1, accepted neighbors = 1, memory used = 5.29 MB)
I0124 16:41:54.921656     1 search.cc:265] Solution #2 (objective value = 14, objective maximum = 16, time = 0 ms, branches = 44, failures = 5, depth = 33, BaseObject, neighbors = 3, filtered neighbors = 3, accepted neighbors = 2, memory used = 5.29 MB)
I0124 16:41:54.921693     1 search.cc:265] Solution #3 (objective value = 13, objective maximum = 16, time = 0 ms, branches = 47, failures = 8, depth = 33, BaseObject, neighbors = 5, filtered neighbors = 5, accepted neighbors = 3, memory used = 5.29 MB)
I0124 16:41:54.921731     1 search.cc:265] Solution #4 (objective value = 12, objective maximum = 16, time = 0 ms, branches = 52, failures = 11, depth = 33, BaseObject, neighbors = 7, filtered neighbors = 7, accepted neighbors = 4, memory used = 5.29 MB)
I0124 16:41:54.921777     1 search.cc:265] Solution #5 (objective value = 11, objective maximum = 16, time = 0 ms, branches = 55, failures = 14, depth = 33, BaseObject, neighbors = 9, filtered neighbors = 9, accepted neighbors = 5, memory used = 5.29 MB)
I0124 16:41:54.921814     1 search.cc:265] Solution #6 (objective value = 10, objective maximum = 16, time = 0 ms, branches = 59, failures = 17, depth = 33, BaseObject, neighbors = 11, filtered neighbors = 11, accepted neighbors = 6, memory used = 5.29 MB)
I0124 16:41:54.921851     1 search.cc:265] Solution #7 (objective value = 9, objective maximum = 16, time = 0 ms, branches = 62, failures = 20, depth = 33, BaseObject, neighbors = 13, filtered neighbors = 13, accepted neighbors = 7, memory used = 5.29 MB)
I0124 16:41:54.921888     1 search.cc:265] Solution #8 (objective value = 8, objective maximum = 16, time = 0 ms, branches = 68, failures = 23, depth = 33, BaseObject, neighbors = 15, filtered neighbors = 15, accepted neighbors = 8, memory used = 5.29 MB)
I0124 16:41:54.921925     1 search.cc:265] Solution #9 (objective value = 7, objective maximum = 16, time = 0 ms, branches = 71, failures = 26, depth = 33, BaseObject, neighbors = 17, filtered neighbors = 17, accepted neighbors = 9, memory used = 5.29 MB)
I0124 16:41:54.921962     1 search.cc:265] Solution #10 (objective value = 6, objective maximum = 16, time = 0 ms, branches = 75, failures = 29, depth = 33, BaseObject, neighbors = 19, filtered neighbors = 19, accepted neighbors = 10, memory used = 5.29 MB)
I0124 16:41:54.921998     1 search.cc:265] Solution #11 (objective value = 5, objective maximum = 16, time = 0 ms, branches = 78, failures = 32, depth = 33, BaseObject, neighbors = 21, filtered neighbors = 21, accepted neighbors = 11, memory used = 5.29 MB)
I0124 16:41:54.922034     1 search.cc:265] Solution #12 (objective value = 4, objective maximum = 16, time = 0 ms, branches = 83, failures = 35, depth = 33, BaseObject, neighbors = 23, filtered neighbors = 23, accepted neighbors = 12, memory used = 5.29 MB)
I0124 16:41:54.922071     1 search.cc:265] Solution #13 (objective value = 3, objective maximum = 16, time = 0 ms, branches = 86, failures = 38, depth = 33, BaseObject, neighbors = 25, filtered neighbors = 25, accepted neighbors = 13, memory used = 5.29 MB)
I0124 16:41:54.922108     1 search.cc:265] Solution #14 (objective value = 2, objective maximum = 16, time = 0 ms, branches = 90, failures = 41, depth = 33, BaseObject, neighbors = 27, filtered neighbors = 27, accepted neighbors = 14, memory used = 5.29 MB)
I0124 16:41:54.922144     1 search.cc:265] Solution #15 (objective value = 1, objective maximum = 16, time = 0 ms, branches = 93, failures = 44, depth = 33, BaseObject, neighbors = 29, filtered neighbors = 29, accepted neighbors = 15, memory used = 5.29 MB)
I0124 16:41:54.922181     1 search.cc:265] Solution #16 (objective value = 0, objective maximum = 16, time = 0 ms, branches = 100, failures = 47, depth = 33, BaseObject, neighbors = 31, filtered neighbors = 31, accepted neighbors = 16, memory used = 5.29 MB)
I0124 16:41:54.922248     1 search.cc:265] Finished search tree (time = 0 ms, branches = 100, failures = 80, neighbors = 31, filtered neighbors = 31, accepted neigbors = 16, memory used = 5.29 MB)
I0124 16:41:54.922256     1 search.cc:265] End search (time = 1 ms, branches = 100, failures = 80, memory used = 5.29 MB, speed = 100000 branches/s)
I0124 16:41:54.922260     1 simple_ls_program.cc:197] Objective value = 0
I0124 16:41:54.922414     1 simple_ls_program.cc:178] Local Search with Filter
I0124 16:41:54.922454     1 search.cc:265] Start search (memory used = 5.31 MB)
I0124 16:41:54.922465     1 search.cc:265] Root node processed (time = 0 ms, constraints = 1, memory used = 5.31 MB)
I0124 16:41:54.922493     1 search.cc:265] Solution #0 (objective value = 16, time = 0 ms, branches = 37, failures = 0, depth = 33, memory used = 5.32 MB)
I0124 16:41:54.922533     1 search.cc:265] Solution #1 (objective value = 15, objective maximum = 16, time = 0 ms, branches = 40, failures = 2, depth = 33, BaseObject, neighbors = 1, filtered neighbors = 1, accepted neighbors = 1, memory used = 5.32 MB)
I0124 16:41:54.922566     1 search.cc:265] Solution #2 (objective value = 14, objective maximum = 16, time = 0 ms, branches = 44, failures = 4, depth = 33, BaseObject, neighbors = 3, filtered neighbors = 2, accepted neighbors = 2, memory used = 5.32 MB)
I0124 16:41:54.922597     1 search.cc:265] Solution #3 (objective value = 13, objective maximum = 16, time = 0 ms, branches = 47, failures = 6, depth = 33, BaseObject, neighbors = 5, filtered neighbors = 3, accepted neighbors = 3, memory used = 5.32 MB)
I0124 16:41:54.922628     1 search.cc:265] Solution #4 (objective value = 12, objective maximum = 16, time = 0 ms, branches = 52, failures = 8, depth = 33, BaseObject, neighbors = 7, filtered neighbors = 4, accepted neighbors = 4, memory used = 5.32 MB)
I0124 16:41:54.922657     1 search.cc:265] Solution #5 (objective value = 11, objective maximum = 16, time = 0 ms, branches = 55, failures = 10, depth = 33, BaseObject, neighbors = 9, filtered neighbors = 5, accepted neighbors = 5, memory used = 5.32 MB)
I0124 16:41:54.922686     1 search.cc:265] Solution #6 (objective value = 10, objective maximum = 16, time = 0 ms, branches = 59, failures = 12, depth = 33, BaseObject, neighbors = 11, filtered neighbors = 6, accepted neighbors = 6, memory used = 5.32 MB)
I0124 16:41:54.922715     1 search.cc:265] Solution #7 (objective value = 9, objective maximum = 16, time = 0 ms, branches = 62, failures = 14, depth = 33, BaseObject, neighbors = 13, filtered neighbors = 7, accepted neighbors = 7, memory used = 5.32 MB)
I0124 16:41:54.922745     1 search.cc:265] Solution #8 (objective value = 8, objective maximum = 16, time = 0 ms, branches = 68, failures = 16, depth = 33, BaseObject, neighbors = 15, filtered neighbors = 8, accepted neighbors = 8, memory used = 5.32 MB)
I0124 16:41:54.922774     1 search.cc:265] Solution #9 (objective value = 7, objective maximum = 16, time = 0 ms, branches = 71, failures = 18, depth = 33, BaseObject, neighbors = 17, filtered neighbors = 9, accepted neighbors = 9, memory used = 5.32 MB)
I0124 16:41:54.922804     1 search.cc:265] Solution #10 (objective value = 6, objective maximum = 16, time = 0 ms, branches = 75, failures = 20, depth = 33, BaseObject, neighbors = 19, filtered neighbors = 10, accepted neighbors = 10, memory used = 5.32 MB)
I0124 16:41:54.922832     1 search.cc:265] Solution #11 (objective value = 5, objective maximum = 16, time = 0 ms, branches = 78, failures = 22, depth = 33, BaseObject, neighbors = 21, filtered neighbors = 11, accepted neighbors = 11, memory used = 5.32 MB)
I0124 16:41:54.922862     1 search.cc:265] Solution #12 (objective value = 4, objective maximum = 16, time = 0 ms, branches = 83, failures = 24, depth = 33, BaseObject, neighbors = 23, filtered neighbors = 12, accepted neighbors = 12, memory used = 5.32 MB)
I0124 16:41:54.922898     1 search.cc:265] Solution #13 (objective value = 3, objective maximum = 16, time = 0 ms, branches = 86, failures = 26, depth = 33, BaseObject, neighbors = 25, filtered neighbors = 13, accepted neighbors = 13, memory used = 5.32 MB)
I0124 16:41:54.922930     1 search.cc:265] Solution #14 (objective value = 2, objective maximum = 16, time = 0 ms, branches = 90, failures = 28, depth = 33, BaseObject, neighbors = 27, filtered neighbors = 14, accepted neighbors = 14, memory used = 5.32 MB)
I0124 16:41:54.922961     1 search.cc:265] Solution #15 (objective value = 1, objective maximum = 16, time = 0 ms, branches = 93, failures = 30, depth = 33, BaseObject, neighbors = 29, filtered neighbors = 15, accepted neighbors = 15, memory used = 5.32 MB)
I0124 16:41:54.922992     1 search.cc:265] Solution #16 (objective value = 0, objective maximum = 16, time = 0 ms, branches = 100, failures = 32, depth = 33, BaseObject, neighbors = 31, filtered neighbors = 16, accepted neighbors = 16, memory used = 5.32 MB)
I0124 16:41:54.923060     1 search.cc:265] Finished search tree (time = 0 ms, branches = 100, failures = 65, neighbors = 31, filtered neighbors = 16, accepted neigbors = 16, memory used = 5.32 MB)
I0124 16:41:54.923068     1 search.cc:265] End search (time = 1 ms, branches = 100, failures = 65, memory used = 5.32 MB, speed = 100000 branches/s)
I0124 16:41:54.923072     1 simple_ls_program.cc:197] Objective value = 0
<end of output>
Test time =   0.01 sec
----------------------------------------------------------
Test Passed.
"test_simple_ls_program" end time: Jan 24 16:41 MSK
"test_simple_ls_program" time elapsed: 00:00:00
----------------------------------------------------------

End testing: Jan 24 16:41 MSK
