Start testing: Jan 24 16:41 MSK
----------------------------------------------------------
1/1 Testing: test_simple_lp_program
1/1 Test: test_simple_lp_program
Command: "/Users/namigdamirov/Documents/HSE/CoverageProblem/or-tools/examples/simple_lp_program/build/bin/simple_lp_program"
Directory: /Users/namigdamirov/Documents/HSE/CoverageProblem/or-tools/examples/simple_lp_program/build
"test_simple_lp_program" start time: Jan 24 16:41 MSK
Output:
----------------------------------------------------------
WARNING: Logging before InitGoogleLogging() is written to STDERR
I0124 16:41:53.898930     1 simple_lp_program.cc:36] Number of variables = 2
I0124 16:41:53.899414     1 simple_lp_program.cc:50] Number of constraints = 2
I0124 16:41:53.899758     1 simple_lp_program.cc:70] Solution:
I0124 16:41:53.899772     1 simple_lp_program.cc:71] Objective value = 25
I0124 16:41:53.899786     1 simple_lp_program.cc:72] x = 0
I0124 16:41:53.899792     1 simple_lp_program.cc:73] y = 2.5
I0124 16:41:53.899796     1 simple_lp_program.cc:77] 
Advanced usage:
I0124 16:41:53.899799     1 simple_lp_program.cc:78] Problem solved in 0 milliseconds
I0124 16:41:53.899815     1 simple_lp_program.cc:79] Problem solved in 0 iterations
<end of output>
Test time =   0.01 sec
----------------------------------------------------------
Test Passed.
"test_simple_lp_program" end time: Jan 24 16:41 MSK
"test_simple_lp_program" time elapsed: 00:00:00
----------------------------------------------------------

End testing: Jan 24 16:41 MSK
