Start testing: Jan 31 00:09 MSK
----------------------------------------------------------
1/1 Testing: test_simple_lp_program
1/1 Test: test_simple_lp_program
Command: "/Users/namigdamirov/Documents/HSE/CoverageProblem/or-tools/examples/simple_lp_program/build/bin/simple_lp_program"
Directory: /Users/namigdamirov/Documents/HSE/CoverageProblem/or-tools/examples/simple_lp_program/build
"test_simple_lp_program" start time: Jan 31 00:09 MSK
Output:
----------------------------------------------------------
WARNING: Logging before InitGoogleLogging() is written to STDERR
I0131 00:09:06.662719     1 simple_lp_program.cc:36] Number of variables = 2
I0131 00:09:06.663170     1 simple_lp_program.cc:50] Number of constraints = 2
I0131 00:09:06.663498     1 simple_lp_program.cc:70] Solution:
I0131 00:09:06.663512     1 simple_lp_program.cc:71] Objective value = 25
I0131 00:09:06.663526     1 simple_lp_program.cc:72] x = 0
I0131 00:09:06.663532     1 simple_lp_program.cc:73] y = 2.5
I0131 00:09:06.663536     1 simple_lp_program.cc:77] 
Advanced usage:
I0131 00:09:06.663539     1 simple_lp_program.cc:78] Problem solved in 0 milliseconds
I0131 00:09:06.663554     1 simple_lp_program.cc:79] Problem solved in 0 iterations
<end of output>
Test time =   0.01 sec
----------------------------------------------------------
Test Passed.
"test_simple_lp_program" end time: Jan 31 00:09 MSK
"test_simple_lp_program" time elapsed: 00:00:00
----------------------------------------------------------

End testing: Jan 31 00:09 MSK
